[2018-06-09 17:19:20] [info] Start Program:
Path:"A:\UBB\1st_Year\DSA\Project\Debug\Project.exe"
Arguments:
Working directory: "A:\UBB\1st_Year\DSA\Project\Project\"
Modules: Selected: A:\UBB\1st_Year\DSA\Project\Debug\Project.exe Excluded: 
Sources: Selected: A:\UBB\1st_Year\DSA\Project\Project Excluded: 
Log Level: Normal
Cover Children: 0
Aggregate by file: 1
Continue after C++ exception: 0
Optimized build support: 0
Export: Binary C:\Users\Adonis Bodea\AppData\Local\Temp\vv5sumr3.vxm 
Input coverage: 
Unified diff: 
Excluded line regular expressions: 

[2018-06-09 17:19:20] [info] Module: A:\UBB\1st_Year\DSA\Project\Debug\Project.exe is selected because it matches selected pattern: A:\UBB\1st_Year\DSA\Project\Debug\Project.exe
[2018-06-09 17:19:20] [info] Module: C:\Windows\SysWOW64\ntdll.dll is skipped because it matches no selected patterns
[2018-06-09 17:19:20] [info] Module: C:\Windows\SysWOW64\kernel32.dll is skipped because it matches no selected patterns
[2018-06-09 17:19:20] [info] Module: C:\Windows\SysWOW64\KernelBase.dll is skipped because it matches no selected patterns
[2018-06-09 17:19:20] [info] Module: C:\Windows\SysWOW64\vcruntime140d.dll is skipped because it matches no selected patterns
[2018-06-09 17:19:20] [info] Module: C:\Windows\SysWOW64\msvcp140d.dll is skipped because it matches no selected patterns
[2018-06-09 17:19:20] [info] Module: C:\Windows\SysWOW64\ucrtbased.dll is skipped because it matches no selected patterns
[2018-06-09 17:19:20] [info] Module: C:\Windows\SysWOW64\kernel.appcore.dll is skipped because it matches no selected patterns
[2018-06-09 17:19:20] [info] Module: C:\Windows\SysWOW64\msvcrt.dll is skipped because it matches no selected patterns
[2018-06-09 17:19:20] [info] Module: C:\Windows\SysWOW64\rpcrt4.dll is skipped because it matches no selected patterns
[2018-06-09 17:19:20] [info] Module: C:\Windows\SysWOW64\sspicli.dll is skipped because it matches no selected patterns
[2018-06-09 17:19:20] [info] Module: C:\Windows\SysWOW64\cryptbase.dll is skipped because it matches no selected patterns
[2018-06-09 17:19:20] [info] Module: C:\Windows\SysWOW64\bcryptprimitives.dll is skipped because it matches no selected patterns
[2018-06-09 17:19:20] [info] Module: C:\Windows\SysWOW64\sechost.dll is skipped because it matches no selected patterns
[2018-06-09 17:19:20] [info] ----------------------------------------------------
[2018-06-09 17:19:20] [info] Coverage binary generated in file: C:\Users\Adonis Bodea\AppData\Local\Temp\vv5sumr3.vxm
[2018-06-09 17:19:20] [info] ----------------------------------------------------
